c:\users\정지우\git\c\problem solving methods\problem solving methods\x64\debug\vc142.pdb
c:\users\정지우\git\c\problem solving methods\problem solving methods\x64\debug\vc142.idb
c:\users\정지우\git\c\problem solving methods\problem solving methods\x64\debug\homework4_insertionwithconstraint.obj
c:\users\정지우\git\c\problem solving methods\problem solving methods\x64\debug\201015_matrix_multiplycation.obj
c:\users\정지우\git\c\problem solving methods\problem solving methods\x64\debug\1015.obj
c:\users\정지우\git\c\problem solving methods\problem solving methods\x64\debug\1027_wk9_file_open2.obj
c:\users\정지우\git\c\problem solving methods\problem solving methods\x64\debug\1027_wk9_file_open.obj
c:\users\정지우\git\c\problem solving methods\problem solving methods\x64\debug\1029_wk9_exercise_1.obj
c:\users\정지우\git\c\problem solving methods\problem solving methods\x64\debug\1029_wk9_exercise_3.obj
c:\users\정지우\git\c\problem solving methods\problem solving methods\x64\debug\1029_wk9_exercise_2.obj
c:\users\정지우\git\c\problem solving methods\problem solving methods\x64\debug\homework5_group_average_from_file.obj
c:\users\정지우\git\c\problem solving methods\x64\debug\problem solving methods.exe
c:\users\정지우\git\c\problem solving methods\x64\debug\problem solving methods.ilk
c:\users\정지우\git\c\problem solving methods\x64\debug\problem solving methods.pdb
c:\users\정지우\git\c\problem solving methods\problem solving methods\x64\debug\1029_wk9_exercise_1.obj.enc
c:\users\정지우\git\c\problem solving methods\problem solving methods\x64\debug\problem .6b8ebbaa.tlog\cl.command.1.tlog
c:\users\정지우\git\c\problem solving methods\problem solving methods\x64\debug\problem .6b8ebbaa.tlog\cl.read.1.tlog
c:\users\정지우\git\c\problem solving methods\problem solving methods\x64\debug\problem .6b8ebbaa.tlog\cl.write.1.tlog
c:\users\정지우\git\c\problem solving methods\problem solving methods\x64\debug\problem .6b8ebbaa.tlog\link.command.1.tlog
c:\users\정지우\git\c\problem solving methods\problem solving methods\x64\debug\problem .6b8ebbaa.tlog\link.read.1.tlog
c:\users\정지우\git\c\problem solving methods\problem solving methods\x64\debug\problem .6b8ebbaa.tlog\link.write.1.tlog
