c:\git\c\data structures\data structures\debug\vc142.pdb
c:\git\c\data structures\data structures\debug\vc142.idb
c:\git\c\data structures\data structures\debug\phw 1-2.obj
c:\git\c\data structures\data structures\debug\phw 1-1.obj
c:\git\c\data structures\data structures\debug\phw 1-4.obj
c:\git\c\data structures\data structures\debug\vc143.pdb
c:\git\c\data structures\data structures\debug\vc143.idb
c:\git\c\data structures\data structures\debug\queue_with_linked_list.obj
c:\git\c\data structures\data structures\debug\stack_with_linked_list.obj
c:\git\c\data structures\debug\data structures.exe
c:\git\c\data structures\data structures\debug\data structures.ilk
c:\git\c\data structures\debug\data structures.pdb
c:\git\c\data structures\data structures\debug\220303 lab.obj
c:\git\c\data structures\data structures\debug\220303 lab1.obj
c:\git\c\data structures\data structures\debug\220303 lab2.obj
c:\git\c\data structures\data structures\debug\phw 1-1.obj.enc
c:\git\c\data structures\debug\data structures.ilk
c:\git\c\data structures\data structures\debug\data structures.tlog\cl.command.1.tlog
c:\git\c\data structures\data structures\debug\data structures.tlog\cl.read.1.tlog
c:\git\c\data structures\data structures\debug\data structures.tlog\cl.write.1.tlog
c:\git\c\data structures\data structures\debug\data structures.tlog\link.command.1.tlog
c:\git\c\data structures\data structures\debug\data structures.tlog\link.read.1.tlog
c:\git\c\data structures\data structures\debug\data structures.tlog\link.write.1.tlog
